#
# There is insufficient memory for the Java Runtime Environment to continue.
# Native memory allocation (malloc) failed to allocate 142606336 bytes for committing reserved memory.
# Possible reasons:
#   The system is out of physical RAM or swap space
#   In 32 bit mode, the process size limit was hit
# Possible solutions:
#   Reduce memory load on the system
#   Increase physical memory or swap space
#   Check if swap backing store is full
#   Use 64 bit Java on a 64 bit OS
#   Decrease Java heap size (-Xmx/-Xms)
#   Decrease number of Java threads
#   Decrease Java thread stack sizes (-Xss)
#   Set larger code cache with -XX:ReservedCodeCacheSize=
# This output file may be truncated or incomplete.
#
#  Out of Memory Error (os_linux.cpp:2756), pid=13391, tid=140584269342464
#
# JRE version: Java(TM) SE Runtime Environment (7.0_80-b15) (build 1.7.0_80-b15)
# Java VM: Java HotSpot(TM) 64-Bit Server VM (24.80-b11 mixed mode linux-amd64 compressed oops)
# Failed to write core dump. Core dumps have been disabled. To enable core dumping, try "ulimit -c unlimited" before starting Java again
#

---------------  T H R E A D  ---------------

Current thread (0x00007fdc64073800):  VMThread [stack: 0x00007fdc535f7000,0x00007fdc536f7000] [id=13416]

Stack: [0x00007fdc535f7000,0x00007fdc536f7000],  sp=0x00007fdc536f4fa0,  free space=1015k
Native frames: (J=compiled Java code, j=interpreted, Vv=VM code, C=native code)
V  [libjvm.so+0x9a320a]  VMError::report_and_die()+0x2ea
V  [libjvm.so+0x498d3b]  report_vm_out_of_memory(char const*, int, unsigned long, char const*)+0x9b
V  [libjvm.so+0x82191e]  os::Linux::commit_memory_impl(char*, unsigned long, bool)+0xfe
V  [libjvm.so+0x821e69]  os::pd_commit_memory(char*, unsigned long, unsigned long, bool)+0x29
V  [libjvm.so+0x81bb6a]  os::commit_memory(char*, unsigned long, unsigned long, bool)+0x2a
V  [libjvm.so+0x88d623]  PSVirtualSpace::expand_by(unsigned long)+0x53
V  [libjvm.so+0x88e9f8]  PSYoungGen::resize_generation(unsigned long, unsigned long)+0xf8
V  [libjvm.so+0x88db62]  PSYoungGen::resize(unsigned long, unsigned long)+0x22
V  [libjvm.so+0x88af1d]  PSScavenge::invoke_no_policy()+0xf3d
V  [libjvm.so+0x88b761]  PSScavenge::invoke()+0x41
V  [libjvm.so+0x843f40]  ParallelScavengeHeap::failed_mem_allocate(unsigned long)+0x70
V  [libjvm.so+0x9a4a97]  VM_ParallelGCFailedAllocation::doit()+0x97
V  [libjvm.so+0x9abf35]  VM_Operation::evaluate()+0x55
V  [libjvm.so+0x9aa2fa]  VMThread::evaluate_operation(VM_Operation*)+0xba
V  [libjvm.so+0x9aa67e]  VMThread::loop()+0x1ce
V  [libjvm.so+0x9aaaf0]  VMThread::run()+0x70
V  [libjvm.so+0x8238c8]  java_start(Thread*)+0x108

VM_Operation (0x00007fdc6c85b930): ParallelGCFailedAllocation, mode: safepoint, requested by thread 0x00007fdc6400a800


---------------  P R O C E S S  ---------------

Java Threads: ( => current thread )
  0x00007fdc640a2000 JavaThread "Service Thread" daemon [_thread_blocked, id=13422, stack(0x00007fdc52621000,0x00007fdc52722000)]
  0x00007fdc640a0000 JavaThread "C2 CompilerThread1" daemon [_thread_blocked, id=13421, stack(0x00007fdc52723000,0x00007fdc52823000)]
  0x00007fdc64095000 JavaThread "C2 CompilerThread0" daemon [_thread_blocked, id=13420, stack(0x00007fdc52824000,0x00007fdc52924000)]
  0x00007fdc64092800 JavaThread "Signal Dispatcher" daemon [_thread_blocked, id=13419, stack(0x00007fdc52924000,0x00007fdc52a25000)]
  0x00007fdc6407a000 JavaThread "Finalizer" daemon [_thread_blocked, id=13418, stack(0x00007fdc533f4000,0x00007fdc534f5000)]
  0x00007fdc64078000 JavaThread "Reference Handler" daemon [_thread_blocked, id=13417, stack(0x00007fdc534f5000,0x00007fdc535f6000)]
  0x00007fdc6400a800 JavaThread "main" [_thread_blocked, id=13407, stack(0x00007fdc6c75f000,0x00007fdc6c85f000)]

Other Threads:
=>0x00007fdc64073800 VMThread [stack: 0x00007fdc535f7000,0x00007fdc536f7000] [id=13416]
  0x00007fdc640ad000 WatcherThread [stack: 0x00007fdc52521000,0x00007fdc52621000] [id=13423]

VM state:at safepoint (normal execution)

VM Mutex/Monitor currently owned by a thread:  ([mutex/lock_event])
[0x00007fdc64007010] Threads_lock - owner thread: 0x00007fdc64073800
[0x00007fdc64007510] Heap_lock - owner thread: 0x00007fdc6400a800

Heap
 PSYoungGen      total 136192K, used 10736K [0x00000000d7280000, 0x00000000e0380000, 0x0000000100000000)
  eden space 125440K, 0% used [0x00000000d7280000,0x00000000d7280000,0x00000000ded00000)
  from space 10752K, 99% used [0x00000000ded00000,0x00000000df77c050,0x00000000df780000)
  to   space 9216K, 0% used [0x00000000df780000,0x00000000df780000,0x00000000e0080000)
 ParOldGen       total 83456K, used 22546K [0x0000000085800000, 0x000000008a980000, 0x00000000d7280000)
  object space 83456K, 27% used [0x0000000085800000,0x0000000086e04840,0x000000008a980000)
 PSPermGen       total 24064K, used 23729K [0x0000000080600000, 0x0000000081d80000, 0x0000000085800000)
  object space 24064K, 98% used [0x0000000080600000,0x0000000081d2c570,0x0000000081d80000)

Card table byte_map: [0x00007fdc6957f000,0x00007fdc6997d000] byte_map_base: 0x00007fdc6917c000

Polling page: 0x00007fdc6c87f000

Code Cache  [0x00007fdc61000000, 0x00007fdc61280000, 0x00007fdc64000000)
 total_blobs=1155 nmethods=822 adapters=285 free_code_cache=46658Kb largest_free_block=47725376

Compilation events (10 events):
Event: 4.117 Thread 0x00007fdc640a0000 nmethod 869 0x00007fdc61094650 code [0x00007fdc61094780, 0x00007fdc610947b8]
Event: 4.117 Thread 0x00007fdc64095000 nmethod 868 0x00007fdc612504d0 code [0x00007fdc61250600, 0x00007fdc61250658]
Event: 4.128 Thread 0x00007fdc640a0000  870             java.lang.System$2::getConstantPool (5 bytes)
Event: 4.128 Thread 0x00007fdc64095000  871             com.google.common.collect.Hashing::smearedHash (16 bytes)
Event: 4.128 Thread 0x00007fdc640a0000 nmethod 870 0x00007fdc61265b50 code [0x00007fdc61265ca0, 0x00007fdc61265d28]
Event: 4.129 Thread 0x00007fdc64095000 nmethod 871 0x00007fdc61265850 code [0x00007fdc612659a0, 0x00007fdc61265a78]
Event: 4.129 Thread 0x00007fdc640a0000  872             org.eclipse.sisu.bean.DeclaredMembers$MemberIterator::hasNext (96 bytes)
Event: 4.130 Thread 0x00007fdc64095000  873             org.eclipse.sisu.plexus.CompositeBeanHelper::findMethod (77 bytes)
Event: 4.132 Thread 0x00007fdc640a0000 nmethod 872 0x00007fdc61266bd0 code [0x00007fdc61266da0, 0x00007fdc612670f0]
Event: 4.132 Thread 0x00007fdc64095000 nmethod 873 0x00007fdc61266150 code [0x00007fdc61266300, 0x00007fdc61266720]

GC Heap History (10 events):
Event: 1.087 GC heap after
Heap after GC invocations=2 (full 0):
 PSYoungGen      total 36864K, used 5117K [0x00000000d7280000, 0x00000000dba80000, 0x0000000100000000)
  eden space 31744K, 0% used [0x00000000d7280000,0x00000000d7280000,0x00000000d9180000)
  from space 5120K, 99% used [0x00000000d9680000,0x00000000d9b7f550,0x00000000d9b80000)
  to   space 5120K, 0% used [0x00000000d9180000,0x00000000d9180000,0x00000000d9680000)
 ParOldGen       total 83456K, used 1602K [0x0000000085800000, 0x000000008a980000, 0x00000000d7280000)
  object space 83456K, 1% used [0x0000000085800000,0x0000000085990918,0x000000008a980000)
 PSPermGen       total 21504K, used 11996K [0x0000000080600000, 0x0000000081b00000, 0x0000000085800000)
  object space 21504K, 55% used [0x0000000080600000,0x00000000811b7000,0x0000000081b00000)
}
Event: 1.540 GC heap before
{Heap before GC invocations=3 (full 0):
 PSYoungGen      total 36864K, used 36861K [0x00000000d7280000, 0x00000000dba80000, 0x0000000100000000)
  eden space 31744K, 100% used [0x00000000d7280000,0x00000000d9180000,0x00000000d9180000)
  from space 5120K, 99% used [0x00000000d9680000,0x00000000d9b7f550,0x00000000d9b80000)
  to   space 5120K, 0% used [0x00000000d9180000,0x00000000d9180000,0x00000000d9680000)
 ParOldGen       total 83456K, used 1602K [0x0000000085800000, 0x000000008a980000, 0x00000000d7280000)
  object space 83456K, 1% used [0x0000000085800000,0x0000000085990918,0x000000008a980000)
 PSPermGen       total 21504K, used 14573K [0x0000000080600000, 0x0000000081b00000, 0x0000000085800000)
  object space 21504K, 67% used [0x0000000080600000,0x000000008143b638,0x0000000081b00000)
Event: 1.545 GC heap after
Heap after GC invocations=3 (full 0):
 PSYoungGen      total 36864K, used 5088K [0x00000000d7280000, 0x00000000dba80000, 0x0000000100000000)
  eden space 31744K, 0% used [0x00000000d7280000,0x00000000d7280000,0x00000000d9180000)
  from space 5120K, 99% used [0x00000000d9180000,0x00000000d9678020,0x00000000d9680000)
  to   space 5120K, 0% used [0x00000000db580000,0x00000000db580000,0x00000000dba80000)
 ParOldGen       total 83456K, used 2844K [0x0000000085800000, 0x000000008a980000, 0x00000000d7280000)
  object space 83456K, 3% used [0x0000000085800000,0x0000000085ac72e8,0x000000008a980000)
 PSPermGen       total 21504K, used 14573K [0x0000000080600000, 0x0000000081b00000, 0x0000000085800000)
  object space 21504K, 67% used [0x0000000080600000,0x000000008143b638,0x0000000081b00000)
}
Event: 1.873 GC heap before
{Heap before GC invocations=4 (full 0):
 PSYoungGen      total 36864K, used 36832K [0x00000000d7280000, 0x00000000dba80000, 0x0000000100000000)
  eden space 31744K, 100% used [0x00000000d7280000,0x00000000d9180000,0x00000000d9180000)
  from space 5120K, 99% used [0x00000000d9180000,0x00000000d9678020,0x00000000d9680000)
  to   space 5120K, 0% used [0x00000000db580000,0x00000000db580000,0x00000000dba80000)
 ParOldGen       total 83456K, used 2844K [0x0000000085800000, 0x000000008a980000, 0x00000000d7280000)
  object space 83456K, 3% used [0x0000000085800000,0x0000000085ac72e8,0x000000008a980000)
 PSPermGen       total 21504K, used 15927K [0x0000000080600000, 0x0000000081b00000, 0x0000000085800000)
  object space 21504K, 74% used [0x0000000080600000,0x000000008158dd38,0x0000000081b00000)
Event: 1.878 GC heap after
Heap after GC invocations=4 (full 0):
 PSYoungGen      total 68608K, used 5104K [0x00000000d7280000, 0x00000000dba80000, 0x0000000100000000)
  eden space 63488K, 0% used [0x00000000d7280000,0x00000000d7280000,0x00000000db080000)
  from space 5120K, 99% used [0x00000000db580000,0x00000000dba7c180,0x00000000dba80000)
  to   space 5120K, 0% used [0x00000000db080000,0x00000000db080000,0x00000000db580000)
 ParOldGen       total 83456K, used 5314K [0x0000000085800000, 0x000000008a980000, 0x00000000d7280000)
  object space 83456K, 6% used [0x0000000085800000,0x0000000085d30a50,0x000000008a980000)
 PSPermGen       total 21504K, used 15927K [0x0000000080600000, 0x0000000081b00000, 0x0000000085800000)
  object space 21504K, 74% used [0x0000000080600000,0x000000008158dd38,0x0000000081b00000)
}
Event: 2.288 GC heap before
{Heap before GC invocations=5 (full 0):
 PSYoungGen      total 68608K, used 68592K [0x00000000d7280000, 0x00000000dba80000, 0x0000000100000000)
  eden space 63488K, 100% used [0x00000000d7280000,0x00000000db080000,0x00000000db080000)
  from space 5120K, 99% used [0x00000000db580000,0x00000000dba7c180,0x00000000dba80000)
  to   space 5120K, 0% used [0x00000000db080000,0x00000000db080000,0x00000000db580000)
 ParOldGen       total 83456K, used 5314K [0x0000000085800000, 0x000000008a980000, 0x00000000d7280000)
  object space 83456K, 6% used [0x0000000085800000,0x0000000085d30a50,0x000000008a980000)
 PSPermGen       total 21504K, used 16047K [0x0000000080600000, 0x0000000081b00000, 0x0000000085800000)
  object space 21504K, 74% used [0x0000000080600000,0x00000000815abf18,0x0000000081b00000)
Event: 2.294 GC heap after
Heap after GC invocations=5 (full 0):
 PSYoungGen      total 68608K, used 5088K [0x00000000d7280000, 0x00000000e0080000, 0x0000000100000000)
  eden space 63488K, 0% used [0x00000000d7280000,0x00000000d7280000,0x00000000db080000)
  from space 5120K, 99% used [0x00000000db080000,0x00000000db578020,0x00000000db580000)
  to   space 9216K, 0% used [0x00000000df780000,0x00000000df780000,0x00000000e0080000)
 ParOldGen       total 83456K, used 8507K [0x0000000085800000, 0x000000008a980000, 0x00000000d7280000)
  object space 83456K, 10% used [0x0000000085800000,0x000000008604efa0,0x000000008a980000)
 PSPermGen       total 21504K, used 16047K [0x0000000080600000, 0x0000000081b00000, 0x0000000085800000)
  object space 21504K, 74% used [0x0000000080600000,0x00000000815abf18,0x0000000081b00000)
}
Event: 2.849 GC heap before
{Heap before GC invocations=6 (full 0):
 PSYoungGen      total 68608K, used 68576K [0x00000000d7280000, 0x00000000e0080000, 0x0000000100000000)
  eden space 63488K, 100% used [0x00000000d7280000,0x00000000db080000,0x00000000db080000)
  from space 5120K, 99% used [0x00000000db080000,0x00000000db578020,0x00000000db580000)
  to   space 9216K, 0% used [0x00000000df780000,0x00000000df780000,0x00000000e0080000)
 ParOldGen       total 83456K, used 8507K [0x0000000085800000, 0x000000008a980000, 0x00000000d7280000)
  object space 83456K, 10% used [0x0000000085800000,0x000000008604efa0,0x000000008a980000)
 PSPermGen       total 21504K, used 19947K [0x0000000080600000, 0x0000000081b00000, 0x0000000085800000)
  object space 21504K, 92% used [0x0000000080600000,0x000000008197af48,0x0000000081b00000)
Event: 2.857 GC heap after
Heap after GC invocations=6 (full 0):
 PSYoungGen      total 134656K, used 9192K [0x00000000d7280000, 0x00000000e0380000, 0x0000000100000000)
  eden space 125440K, 0% used [0x00000000d7280000,0x00000000d7280000,0x00000000ded00000)
  from space 9216K, 99% used [0x00000000df780000,0x00000000e007a0c0,0x00000000e0080000)
  to   space 10752K, 0% used [0x00000000ded00000,0x00000000ded00000,0x00000000df780000)
 ParOldGen       total 83456K, used 8944K [0x0000000085800000, 0x000000008a980000, 0x00000000d7280000)
  object space 83456K, 10% used [0x0000000085800000,0x00000000860bc030,0x000000008a980000)
 PSPermGen       total 21504K, used 19947K [0x0000000080600000, 0x0000000081b00000, 0x0000000085800000)
  object space 21504K, 92% used [0x0000000080600000,0x000000008197af48,0x0000000081b00000)
}
Event: 4.184 GC heap before
{Heap before GC invocations=7 (full 0):
 PSYoungGen      total 134656K, used 134632K [0x00000000d7280000, 0x00000000e0380000, 0x0000000100000000)
  eden space 125440K, 100% used [0x00000000d7280000,0x00000000ded00000,0x00000000ded00000)
  from space 9216K, 99% used [0x00000000df780000,0x00000000e007a0c0,0x00000000e0080000)
  to   space 10752K, 0% used [0x00000000ded00000,0x00000000ded00000,0x00000000df780000)
 ParOldGen       total 83456K, used 8944K [0x0000000085800000, 0x000000008a980000, 0x00000000d7280000)
  object space 83456K, 10% used [0x0000000085800000,0x00000000860bc030,0x000000008a980000)
 PSPermGen       total 24064K, used 23729K [0x0000000080600000, 0x0000000081d80000, 0x0000000085800000)
  object space 24064K, 98% used [0x0000000080600000,0x0000000081d2c570,0x0000000081d80000)

Deoptimization events (10 events):
Event: 4.167 Thread 0x00007fdc6400a800 Uncommon trap: reason=class_check action=maybe_recompile pc=0x00007fdc6111ef58 method=java.util.Hashtable.put(Ljava/lang/Object;Ljava/lang/Object;)Ljava/lang/Object; @ 61
Event: 4.167 Thread 0x00007fdc6400a800 Uncommon trap: reason=class_check action=maybe_recompile pc=0x00007fdc6111ef58 method=java.util.Hashtable.put(Ljava/lang/Object;Ljava/lang/Object;)Ljava/lang/Object; @ 61
Event: 4.169 Thread 0x00007fdc6400a800 Uncommon trap: reason=bimorphic action=maybe_recompile pc=0x00007fdc61248dc8 method=java.util.Hashtable.get(Ljava/lang/Object;)Ljava/lang/Object; @ 46
Event: 4.171 Thread 0x00007fdc6400a800 Uncommon trap: reason=bimorphic action=maybe_recompile pc=0x00007fdc61248dc8 method=java.util.Hashtable.get(Ljava/lang/Object;)Ljava/lang/Object; @ 46
Event: 4.171 Thread 0x00007fdc6400a800 Uncommon trap: reason=bimorphic action=maybe_recompile pc=0x00007fdc61248dc8 method=java.util.Hashtable.get(Ljava/lang/Object;)Ljava/lang/Object; @ 46
Event: 4.171 Thread 0x00007fdc6400a800 Uncommon trap: reason=bimorphic action=maybe_recompile pc=0x00007fdc61248dc8 method=java.util.Hashtable.get(Ljava/lang/Object;)Ljava/lang/Object; @ 46
Event: 4.175 Thread 0x00007fdc6400a800 Uncommon trap: reason=class_check action=maybe_recompile pc=0x00007fdc61272f98 method=java.util.zip.InflaterInputStream.read([BII)I @ 100
Event: 4.176 Thread 0x00007fdc6400a800 Uncommon trap: reason=class_check action=maybe_recompile pc=0x00007fdc61272f98 method=java.util.zip.InflaterInputStream.read([BII)I @ 100
Event: 4.176 Thread 0x00007fdc6400a800 Uncommon trap: reason=class_check action=maybe_recompile pc=0x00007fdc61272f98 method=java.util.zip.InflaterInputStream.read([BII)I @ 100
Event: 4.176 Thread 0x00007fdc6400a800 Uncommon trap: reason=class_check action=maybe_recompile pc=0x00007fdc61272f98 method=java.util.zip.InflaterInputStream.read([BII)I @ 100

Internal exceptions (10 events):
Event: 4.170 Thread 0x00007fdc6400a800 Threw 0x00000000dec67808 at /HUDSON/workspace/7u-2-build-linux-amd64/jdk7u80/2329/hotspot/src/share/vm/prims/jvm.cpp:1319
Event: 4.170 Thread 0x00007fdc6400a800 Threw 0x00000000dec68600 at /HUDSON/workspace/7u-2-build-linux-amd64/jdk7u80/2329/hotspot/src/share/vm/prims/jvm.cpp:1319
Event: 4.171 Thread 0x00007fdc6400a800 Threw 0x00000000dec6f1a0 at /HUDSON/workspace/7u-2-build-linux-amd64/jdk7u80/2329/hotspot/src/share/vm/prims/jvm.cpp:1319
Event: 4.171 Thread 0x00007fdc6400a800 Threw 0x00000000dec70130 at /HUDSON/workspace/7u-2-build-linux-amd64/jdk7u80/2329/hotspot/src/share/vm/prims/jvm.cpp:1319
Event: 4.172 Thread 0x00007fdc6400a800 Threw 0x00000000dec76f78 at /HUDSON/workspace/7u-2-build-linux-amd64/jdk7u80/2329/hotspot/src/share/vm/prims/jvm.cpp:1319
Event: 4.172 Thread 0x00007fdc6400a800 Threw 0x00000000dec77d00 at /HUDSON/workspace/7u-2-build-linux-amd64/jdk7u80/2329/hotspot/src/share/vm/prims/jvm.cpp:1319
Event: 4.173 Thread 0x00007fdc6400a800 Threw 0x00000000dec80f40 at /HUDSON/workspace/7u-2-build-linux-amd64/jdk7u80/2329/hotspot/src/share/vm/prims/jvm.cpp:1319
Event: 4.173 Thread 0x00007fdc6400a800 Threw 0x00000000dec81c70 at /HUDSON/workspace/7u-2-build-linux-amd64/jdk7u80/2329/hotspot/src/share/vm/prims/jvm.cpp:1319
Event: 4.174 Thread 0x00007fdc6400a800 Threw 0x00000000dec8bec0 at /HUDSON/workspace/7u-2-build-linux-amd64/jdk7u80/2329/hotspot/src/share/vm/prims/jvm.cpp:1319
Event: 4.175 Thread 0x00007fdc6400a800 Threw 0x00000000dec8cc10 at /HUDSON/workspace/7u-2-build-linux-amd64/jdk7u80/2329/hotspot/src/share/vm/prims/jvm.cpp:1319

Events (10 events):
Event: 4.176 Thread 0x00007fdc6400a800 Uncommon trap: trap_request=0xffffffde fr.pc=0x00007fdc61272f98
Event: 4.176 Thread 0x00007fdc6400a800 DEOPT PACKING pc=0x00007fdc61272f98 sp=0x00007fdc6c85c3a0
Event: 4.176 Thread 0x00007fdc6400a800 DEOPT UNPACKING pc=0x00007fdc61039445 sp=0x00007fdc6c85c378 mode 2
Event: 4.176 Thread 0x00007fdc6400a800 Uncommon trap: trap_request=0xffffffde fr.pc=0x00007fdc61272f98
Event: 4.176 Thread 0x00007fdc6400a800 DEOPT PACKING pc=0x00007fdc61272f98 sp=0x00007fdc6c85c3a0
Event: 4.176 Thread 0x00007fdc6400a800 DEOPT UNPACKING pc=0x00007fdc61039445 sp=0x00007fdc6c85c378 mode 2
Event: 4.176 Thread 0x00007fdc6400a800 Uncommon trap: trap_request=0xffffffde fr.pc=0x00007fdc61272f98
Event: 4.176 Thread 0x00007fdc6400a800 DEOPT PACKING pc=0x00007fdc61272f98 sp=0x00007fdc6c85c3a0
Event: 4.176 Thread 0x00007fdc6400a800 DEOPT UNPACKING pc=0x00007fdc61039445 sp=0x00007fdc6c85c378 mode 2
Event: 4.183 Executing VM operation: ParallelGCFailedAllocation


Dynamic libraries:
00400000-00401000 r-xp 00000000 08:03 7604993                            /opt/jdk1.7.0_80/bin/java
00600000-00601000 rw-p 00000000 08:03 7604993                            /opt/jdk1.7.0_80/bin/java
0237b000-0239c000 rw-p 00000000 00:00 0                                  [heap]
80600000-81d80000 rw-p 00000000 00:00 0 
81d80000-85800000 rw-p 00000000 00:00 0 
85800000-8a980000 rw-p 00000000 00:00 0 
8a980000-d7280000 rw-p 00000000 00:00 0 
d7280000-e0380000 rw-p 00000000 00:00 0 
e8b80000-100000000 rw-p 00000000 00:00 0 
7fdc04000000-7fdc04021000 rw-p 00000000 00:00 0 
7fdc04021000-7fdc08000000 ---p 00000000 00:00 0 
7fdc0c000000-7fdc0cb2c000 rw-p 00000000 00:00 0 
7fdc0cb2c000-7fdc10000000 ---p 00000000 00:00 0 
7fdc10000000-7fdc10021000 rw-p 00000000 00:00 0 
7fdc10021000-7fdc14000000 ---p 00000000 00:00 0 
7fdc14000000-7fdc14021000 rw-p 00000000 00:00 0 
7fdc14021000-7fdc18000000 ---p 00000000 00:00 0 
7fdc18000000-7fdc18b78000 rw-p 00000000 00:00 0 
7fdc18b78000-7fdc1c000000 ---p 00000000 00:00 0 
7fdc1c000000-7fdc1c021000 rw-p 00000000 00:00 0 
7fdc1c021000-7fdc20000000 ---p 00000000 00:00 0 
7fdc20000000-7fdc20021000 rw-p 00000000 00:00 0 
7fdc20021000-7fdc24000000 ---p 00000000 00:00 0 
7fdc24000000-7fdc24021000 rw-p 00000000 00:00 0 
7fdc24021000-7fdc28000000 ---p 00000000 00:00 0 
7fdc28000000-7fdc2824f000 rw-p 00000000 00:00 0 
7fdc2824f000-7fdc2c000000 ---p 00000000 00:00 0 
7fdc2c000000-7fdc2c021000 rw-p 00000000 00:00 0 
7fdc2c021000-7fdc30000000 ---p 00000000 00:00 0 
7fdc34000000-7fdc34021000 rw-p 00000000 00:00 0 
7fdc34021000-7fdc38000000 ---p 00000000 00:00 0 
7fdc3c000000-7fdc3c021000 rw-p 00000000 00:00 0 
7fdc3c021000-7fdc40000000 ---p 00000000 00:00 0 
7fdc44000000-7fdc44021000 rw-p 00000000 00:00 0 
7fdc44021000-7fdc48000000 ---p 00000000 00:00 0 
7fdc48fff000-7fdc4c000000 rw-p 00000000 00:00 0 
7fdc4c000000-7fdc4c021000 rw-p 00000000 00:00 0 
7fdc4c021000-7fdc50000000 ---p 00000000 00:00 0 
7fdc51b68000-7fdc51b76000 r--s 0007f000 08:03 9048723                    /home/machabane/.m2/repository/commons-collections/commons-collections/3.2.1/commons-collections-3.2.1.jar
7fdc51b76000-7fdc51b7b000 r--s 00041000 08:03 263857                     /home/machabane/.m2/repository/commons-lang/commons-lang/2.6/commons-lang-2.6.jar
7fdc51b7b000-7fdc51b7d000 r--s 00006000 08:03 263855                     /home/machabane/.m2/repository/org/apache/maven/shared/maven-invoker/2.0.11/maven-invoker-2.0.11.jar
7fdc51b7d000-7fdc51b7e000 r--s 00007000 08:03 263853                     /home/machabane/.m2/repository/org/apache/maven/shared/maven-plugin-testing-harness/1.1/maven-plugin-testing-harness-1.1.jar
7fdc51b7e000-7fdc51b80000 r--s 00006000 08:03 263833                     /home/machabane/.m2/repository/org/apache/maven/shared/maven-common-artifact-filters/1.2/maven-common-artifact-filters-1.2.jar
7fdc51b80000-7fdc51b82000 r--s 00007000 08:03 263850                     /home/machabane/.m2/repository/org/apache/maven/shared/maven-dependency-tree/1.2/maven-dependency-tree-1.2.jar
7fdc51b82000-7fdc51b84000 r--s 00009000 08:03 9049174                    /home/machabane/.m2/repository/asm/asm/3.0/asm-3.0.jar
7fdc51b84000-7fdc51b86000 r--s 00005000 08:03 263837                     /home/machabane/.m2/repository/org/apache/maven/shared/maven-dependency-analyzer/1.2/maven-dependency-analyzer-1.2.jar
7fdc51b86000-7fdc51b89000 r--s 0000c000 08:03 263846                     /home/machabane/.m2/repository/org/codehaus/plexus/plexus-io/2.0.1/plexus-io-2.0.1.jar
7fdc51b89000-7fdc51b8d000 r--s 00028000 08:03 263845                     /home/machabane/.m2/repository/org/codehaus/plexus/plexus-archiver/2.0/plexus-archiver-2.0.jar
7fdc51b8d000-7fdc51b8f000 r--s 00004000 08:03 263835                     /home/machabane/.m2/repository/org/apache/maven/doxia/doxia-module-xhtml/1.0/doxia-module-xhtml-1.0.jar
7fdc51b8f000-7fdc51b90000 r--s 00006000 08:03 263838                     /home/machabane/.m2/repository/org/apache/maven/doxia/doxia-module-xdoc/1.0/doxia-module-xdoc-1.0.jar
7fdc51b90000-7fdc51b91000 r--s 00004000 08:03 263824                     /home/machabane/.m2/repository/org/apache/maven/doxia/doxia-module-fml/1.0/doxia-module-fml-1.0.jar
7fdc51b91000-7fdc51b93000 r--s 0000a000 08:03 263836                     /home/machabane/.m2/repository/org/apache/maven/doxia/doxia-module-apt/1.0/doxia-module-apt-1.0.jar
7fdc51b93000-7fdc51b94000 r--s 0000b000 08:03 263834                     /home/machabane/.m2/repository/org/apache/maven/doxia/doxia-decoration-model/1.0/doxia-decoration-model-1.0.jar
7fdc51b94000-7fdc51b9c000 r--s 00058000 08:03 262596                     /home/machabane/.m2/repository/org/apache/velocity/velocity/1.5/velocity-1.5.jar
7fdc51b9c000-7fdc51b9d000 r--s 00001000 08:03 263826                     /home/machabane/.m2/repository/org/codehaus/plexus/plexus-velocity/1.1.7/plexus-velocity-1.1.7.jar
7fdc51b9d000-7fdc51b9e000 r--s 00002000 08:03 263828                     /home/machabane/.m2/repository/org/codehaus/plexus/plexus-i18n/1.0-beta-7/plexus-i18n-1.0-beta-7.jar
7fdc51b9e000-7fdc51ba0000 r--s 0000a000 08:03 263827                     /home/machabane/.m2/repository/org/apache/maven/doxia/doxia-site-renderer/1.0/doxia-site-renderer-1.0.jar
7fdc51ba0000-7fdc51ba1000 r--s 00002000 08:03 263817                     /home/machabane/.m2/repository/org/apache/maven/doxia/doxia-sink-api/1.0/doxia-sink-api-1.0.jar
7fdc51ba1000-7fdc51ba6000 r--s 00016000 08:03 9048712                    /home/machabane/.m2/repository/xml-apis/xml-apis/1.0.b2/xml-apis-1.0.b2.jar
7fdc51ba6000-7fdc51ba8000 r--s 0000e000 08:03 9048721                    /home/machabane/.m2/repository/oro/oro/2.0.8/oro-2.0.8.jar
7fdc51ba8000-7fdc51baa000 r--s 00008000 08:03 263825                     /home/machabane/.m2/repository/commons-logging/commons-logging/1.0.4/commons-logging-1.0.4.jar
7fdc51baa000-7fdc51bae000 r--s 00026000 08:03 9049173                    /home/machabane/.m2/repository/commons-digester/commons-digester/1.6/commons-digester-1.6.jar
7fdc51bae000-7fdc51bb3000 r--s 0002a000 08:03 9049061                    /home/machabane/.m2/repository/commons-beanutils/commons-beanutils/1.7.0/commons-beanutils-1.7.0.jar
7fdc51bb3000-7fdc51bb6000 r--s 00014000 08:03 9049170                    /home/machabane/.m2/repository/commons-validator/commons-validator/1.2.0/commons-validator-1.2.0.jar
7fdc51bb6000-7fdc51bb9000 r--s 00018000 08:03 9048718                    /home/machabane/.m2/repository/commons-io/commons-io/1.4/commons-io-1.4.jar
7fdc51bb9000-7fdc51bbb000 r--s 00009000 08:03 263820                     /home/machabane/.m2/repository/org/apache/maven/shared/maven-doxia-tools/1.0.2/maven-doxia-tools-1.0.2.jar
7fdc51bbb000-7fdc51bbe000 r--s 0000b000 08:03 263816                     /home/machabane/.m2/repository/org/apache/maven/doxia/doxia-core/1.0/doxia-core-1.0.jar
7fdc51bbe000-7fdc51bc0000 r--s 00004000 08:03 263818                     /home/machabane/.m2/repository/org/apache/maven/reporting/maven-reporting-impl/2.0.5/maven-reporting-impl-2.0.5.jar
7fdc51bc0000-7fdc51bc1000 r--s 00002000 08:03 263814                     /home/machabane/.m2/repository/org/apache/maven/reporting/maven-reporting-api/3.0/maven-reporting-api-3.0.jar
7fdc51bc1000-7fdc51bc4000 r--s 0001e000 08:03 656619                     /home/machabane/.m2/repository/org/apache/maven/plugins/maven-dependency-plugin/2.4/maven-dependency-plugin-2.4.jar
7fdc51bc4000-7fdc51bc8000 r--s 0002f000 08:03 34058                      /home/machabane/.m2/repository/commons-lang/commons-lang/2.1/commons-lang-2.1.jar
7fdc51bc8000-7fdc51bcb000 r--s 0000c000 08:03 34056                      /home/machabane/.m2/repository/org/codehaus/plexus/plexus-io/2.0.2/plexus-io-2.0.2.jar
7fdc51bcb000-7fdc51bd0000 r--s 00029000 08:03 34054                      /home/machabane/.m2/repository/org/codehaus/plexus/plexus-archiver/2.1/plexus-archiver-2.1.jar
7fdc51bd0000-7fdc51bd2000 r--s 0000d000 08:03 34052                      /home/machabane/.m2/repository/org/codehaus/plexus/plexus-interpolation/1.15/plexus-interpolation-1.15.jar
7fdc51bd2000-7fdc51bd4000 r--s 00004000 08:03 34032                      /home/machabane/.m2/repository/org/apache/maven/maven-archiver/2.5/maven-archiver-2.5.jar
7fdc51bd4000-7fdc51bd6000 r--s 00007000 08:03 33285                      /home/machabane/.m2/repository/org/apache/maven/plugins/maven-jar-plugin/2.4/maven-jar-plugin-2.4.jar
7fdc51bd6000-7fdc51bd8000 r--s 00002000 08:03 263527                     /home/machabane/.m2/repository/org/apache/maven/plugin-tools/maven-plugin-annotations/3.1/maven-plugin-annotations-3.1.jar
7fdc51bd8000-7fdc51bd9000 r--s 00002000 08:03 263523                     /home/machabane/.m2/repository/org/apache/maven/reporting/maven-reporting-api/2.0.9/maven-reporting-api-2.0.9.jar
7fdc51bd9000-7fdc51bdd000 r--s 00035000 08:03 25776                      /home/machabane/.m2/repository/org/codehaus/plexus/plexus-utils/3.0.8/plexus-utils-3.0.8.jar
7fdc51bdd000-7fdc51bdf000 r--s 00006000 08:03 263518                     /home/machabane/.m2/repository/org/apache/maven/shared/maven-common-artifact-filters/1.3/maven-common-artifact-filters-1.3.jar
7fdc51bdf000-7fdc51be5000 r--s 00048000 08:03 263345                     /home/machabane/.m2/repository/org/apache/commons/commons-lang3/3.1/commons-lang3-3.1.jar
7fdc51be5000-7fdc51bea000 r--s 0003c000 08:03 263520                     /home/machabane/.m2/repository/org/apache/maven/surefire/maven-surefire-common/2.12.4/maven-surefire-common-2.12.4.jar
7fdc51bea000-7fdc51bee000 r--s 00019000 08:03 263516                     /home/machabane/.m2/repository/org/apache/maven/surefire/surefire-api/2.12.4/surefire-api-2.12.4.jar
7fdc51bee000-7fdc51bf0000 r--s 00007000 08:03 263514                     /home/machabane/.m2/repository/org/apache/maven/surefire/surefire-booter/2.12.4/surefire-booter-2.12.4.jar
7fdc51bf0000-7fdc51bf1000 r--s 00007000 08:03 33278                      /home/machabane/.m2/repository/org/apache/maven/plugins/maven-surefire-plugin/2.12.4/maven-surefire-plugin-2.12.4.jar
7fdc51bf1000-7fdc51c5c000 r--s 00e21000 08:03 6691164                    /opt/jdk1.7.0_80/lib/tools.jar
7fdc51c5c000-7fdc51c5f000 r--s 0001b000 08:03 33921                      /home/machabane/.m2/repository/junit/junit/3.8.2/junit-3.8.2.jar
7fdc51c5f000-7fdc51c6d000 r--s 0008f000 08:03 33919                      /home/machabane/.m2/repository/com/google/collections/google-collections/1.0/google-collections-1.0.jar
7fdc51c6d000-7fdc51c6e000 r--s 0000a000 08:03 33917                      /home/machabane/.m2/repository/commons-logging/commons-logging-api/1.1/commons-logging-api-1.1.jar
7fdc51c6e000-7fdc51c75000 r--s 00051000 08:03 33915                      /home/machabane/.m2/repository/log4j/log4j/1.2.12/log4j-1.2.12.jar
7fdc51c75000-7fdc51c79000 r--s 0001d000 08:03 33913                      /home/machabane/.m2/repository/org/apache/xbean/xbean-reflect/3.4/xbean-reflect-3.4.jar
7fdc51c79000-7fdc51c7a000 r--s 00004000 08:03 33907                      /home/machabane/.m2/repository/org/codehaus/plexus/plexus-compiler-javac/2.2/plexus-compiler-javac-2.2.jar
7fdc51c7a000-7fdc51c7c000 r--s 00000000 08:03 33905                      /home/machabane/.m2/repository/org/codehaus/plexus/plexus-compiler-manager/2.2/plexus-compiler-manager-2.2.jar
7fdc51c7c000-7fdc51c7e000 r--s 00005000 08:03 33903                      /home/machabane/.m2/repository/org/codehaus/plexus/plexus-compiler-api/2.2/plexus-compiler-api-2.2.jar
7fdc51c7e000-7fdc51c80000 r--s 00000000 08:03 33901                      /home/machabane/.m2/repository/org/codehaus/plexus/plexus-component-annotations/1.5.5/plexus-component-annotations-1.5.5.jar
7fdc51c80000-7fdc51c82000 r--s 00002000 08:03 33899                      /home/machabane/.m2/repository/org/apache/maven/shared/maven-shared-incremental/1.1/maven-shared-incremental-1.1.jar
7fdc51c82000-7fdc51c84000 r--s 00006000 08:03 33897                      /home/machabane/.m2/repository/com/google/code/findbugs/jsr305/2.0.1/jsr305-2.0.1.jar
7fdc51c84000-7fdc51c87000 r--s 00023000 08:03 33895                      /home/machabane/.m2/repository/org/apache/maven/shared/maven-shared-utils/0.1/maven-shared-utils-0.1.jar
7fdc51c87000-7fdc51c8b000 r--s 00030000 08:03 33867                      /home/machabane/.m2/repository/org/codehaus/plexus/plexus-utils/1.5.1/plexus-utils-1.5.1.jar
7fdc51c8b000-7fdc51c8d000 r--s 00009000 08:03 33266                      /home/machabane/.m2/repository/org/apache/maven/plugins/maven-compiler-plugin/3.1/maven-compiler-plugin-3.1.jar
7fdc51c8d000-7fdc51c8f000 r--s 0000d000 08:03 34105                      /home/machabane/.m2/repository/org/codehaus/plexus/plexus-interpolation/1.13/plexus-interpolation-1.13.jar
7fdc51c8f000-7fdc51c90000 r--s 00001000 08:03 34103                      /home/machabane/.m2/repository/org/sonatype/plexus/plexus-build-api/0.0.4/plexus-build-api-0.0.4.jar
7fdc51c90000-7fdc51c92000 r--s 00009000 08:03 34101                      /home/machabane/.m2/repository/org/apache/maven/shared/maven-filtering/1.1/maven-filtering-1.1.jar
7fdc51c92000-7fdc51c96000 r--s 00033000 08:03 34099                      /home/machabane/.m2/repository/org/codehaus/plexus/plexus-utils/2.0.5/plexus-utils-2.0.5.jar
7fdc51c96000-7fdc51c98000 r--s 00002000 08:03 34048                      /home/machabane/.m2/repository/org/codehaus/plexus/plexus-interactivity-api/1.0-alpha-4/plexus-interactivity-api-1.0-alpha-4.jar
7fdc51c98000-7fdc51c9a000 r--s 00006000 08:03 34044                      /home/machabane/.m2/repository/commons-cli/commons-cli/1.0/commons-cli-1.0.jar
7fdc51c9a000-7fdc51c9b000 r--s 00001000 08:03 34040                      /home/machabane/.m2/repository/org/apache/maven/doxia/doxia-sink-api/1.0-alpha-7/doxia-sink-api-1.0-alpha-7.jar
7fdc51c9b000-7fdc51c9d000 r--s 00006000 08:03 33258                      /home/machabane/.m2/repository/org/apache/maven/plugins/maven-resources-plugin/2.6/maven-resources-plugin-2.6.jar
7fdc51c9d000-7fdc51ca1000 r--s 00035000 08:03 263452                     /home/machabane/.m2/repository/org/codehaus/plexus/plexus-utils/3.0.5/plexus-utils-3.0.5.jar
7fdc51ca1000-7fdc51ca5000 r--s 00034000 08:03 34060                      /home/machabane/.m2/repository/org/codehaus/plexus/plexus-utils/3.0/plexus-utils-3.0.jar
7fdc51ca5000-7fdc51cbc000 r-xp 00000000 08:03 6684746                    /opt/jdk1.7.0_80/jre/lib/amd64/libnet.so
7fdc51cbc000-7fdc51ebb000 ---p 00017000 08:03 6684746                    /opt/jdk1.7.0_80/jre/lib/amd64/libnet.so
7fdc51ebb000-7fdc51ebc000 rw-p 00016000 08:03 6684746                    /opt/jdk1.7.0_80/jre/lib/amd64/libnet.so
7fdc51ebc000-7fdc51ecc000 r-xp 00000000 08:03 6684712                    /opt/jdk1.7.0_80/jre/lib/amd64/libnio.so
7fdc51ecc000-7fdc520cc000 ---p 00010000 08:03 6684712                    /opt/jdk1.7.0_80/jre/lib/amd64/libnio.so
7fdc520cc000-7fdc520cd000 rw-p 00010000 08:03 6684712                    /opt/jdk1.7.0_80/jre/lib/amd64/libnio.so
7fdc520cd000-7fdc520cf000 r-xp 00000000 08:03 922439                     /lib/x86_64-linux-gnu/libutil-2.27.so
7fdc520cf000-7fdc522ce000 ---p 00002000 08:03 922439                     /lib/x86_64-linux-gnu/libutil-2.27.so
7fdc522ce000-7fdc522cf000 r--p 00001000 08:03 922439                     /lib/x86_64-linux-gnu/libutil-2.27.so
7fdc522cf000-7fdc522d0000 rw-p 00002000 08:03 922439                     /lib/x86_64-linux-gnu/libutil-2.27.so
7fdc522d0000-7fdc522d1000 r--s 00002000 08:03 34038                      /home/machabane/.m2/repository/org/apache/maven/reporting/maven-reporting-api/2.0.6/maven-reporting-api-2.0.6.jar
7fdc522d1000-7fdc522d2000 r--s 00002000 08:03 263454                     /home/machabane/.m2/repository/org/codehaus/plexus/plexus-digest/1.0/plexus-digest-1.0.jar
7fdc522d2000-7fdc522d3000 r--s 00006000 08:03 33292                      /home/machabane/.m2/repository/org/apache/maven/plugins/maven-install-plugin/2.4/maven-install-plugin-2.4.jar
7fdc522d3000-7fdc522d5000 r--s 00005000 08:03 33252                      /home/machabane/.m2/repository/org/apache/maven/plugins/maven-clean-plugin/2.5/maven-clean-plugin-2.5.jar
7fdc522d5000-7fdc522da000 r--s 00039000 08:03 34459                      /home/machabane/.m2/repository/org/codehaus/plexus/plexus-utils/1.5.5/plexus-utils-1.5.5.jar
7fdc522da000-7fdc522dc000 r--s 00008000 08:03 262902                     /home/machabane/.m2/repository/org/apache/maven/shared/maven-shared-io/1.1/maven-shared-io-1.1.jar
7fdc522dc000-7fdc522de000 r--s 00008000 08:03 262900                     /home/machabane/.m2/repository/org/apache/maven/shared/file-management/1.2.1/file-management-1.2.1.jar
7fdc522de000-7fdc522e1000 r--s 0001b000 08:03 34024                      /home/machabane/.m2/repository/junit/junit/3.8.1/junit-3.8.1.jar
7fdc522e1000-7fdc522e3000 r--s 00007000 08:03 262898                     /home/machabane/.m2/repository/org/codehaus/plexus/plexus-interpolation/1.1/plexus-interpolation-1.1.jar
7fdc522e3000-7fdc522e6000 r--s 00020000 08:03 262880                     /home/machabane/.m2/repository/org/codehaus/plexus/plexus-archiver/1.0-alpha-7/plexus-archiver-1.0-alpha-7.jar
7fdc522e6000-7fdc522e7000 r--s 00002000 08:03 262878                     /home/machabane/.m2/repository/org/apache/maven/maven-archiver/2.2/maven-archiver-2.2.jar
7fdc522e7000-7fdc522e8000 r--s 00003000 08:03 262874                     /home/machabane/.m2/repository/org/openmrs/maven/plugins/maven-openmrs-plugin/1.0.1/maven-openmrs-plugin-1.0.1.jar
7fdc522e8000-7fdc522ec000 r--s 0008b000 08:03 6690562                    /opt/jdk1.7.0_80/jre/lib/jsse.jar
7fdc522ec000-7fdc522ed000 r--s 00006000 08:03 6689868                    /opt/apache-maven-3.6.1/lib/maven-repository-metadata-3.6.1.jar
7fdc522ed000-7fdc522f0000 r-xp 00000000 08:03 6689838                    /opt/apache-maven-3.6.1/lib/jansi-native/linux64/libjansi.so
7fdc522f0000-7fdc524ef000 ---p 00003000 08:03 6689838                    /opt/apache-maven-3.6.1/lib/jansi-native/linux64/libjansi.so
7fdc524ef000-7fdc524f0000 rw-p 00002000 08:03 6689838                    /opt/apache-maven-3.6.1/lib/jansi-native/linux64/libjansi.so
7fdc524f0000-7fdc524f3000 r--s 00026000 08:03 6689884                    /opt/apache-maven-3.6.1/lib/maven-shared-utils-3.2.1.jar
7fdc524f3000-7fdc524f5000 r--s 00003000 08:03 6689890                    /opt/apache-maven-3.6.1/lib/jsr305-3.0.2.jar
7fdc524f5000-7fdc524f7000 r--s 0000f000 08:03 6689878                    /opt/apache-maven-3.6.1/lib/maven-resolver-provider-3.6.1.jar
7fdc524f7000-7fdc524fb000 r--s 0003d000 08:03 6689858                    /opt/apache-maven-3.6.1/lib/plexus-utils-3.2.0.jar
7fdc524fb000-7fdc524fd000 r--s 00003000 08:03 6689899                    /opt/apache-maven-3.6.1/lib/jcl-over-slf4j-1.7.25.jar
7fdc524fd000-7fdc524fe000 r--s 00006000 08:03 6689864                    /opt/apache-maven-3.6.1/lib/plexus-sec-dispatcher-1.4.jar
7fdc524fe000-7fdc52500000 r--s 0000c000 08:03 6689895                    /opt/apache-maven-3.6.1/lib/commons-cli-1.4.jar
7fdc52500000-7fdc52502000 r--s 00007000 08:03 6689880                    /opt/apache-maven-3.6.1/lib/maven-resolver-spi-1.3.3.jar
7fdc52502000-7fdc52506000 r--s 00029000 08:03 6689882                    /opt/apache-maven-3.6.1/lib/maven-resolver-impl-1.3.3.jar
7fdc52506000-7fdc5250c000 r--s 00041000 08:03 6689896                    /opt/apache-maven-3.6.1/lib/maven-compat-3.6.1.jar
7fdc5250c000-7fdc5250f000 r--s 0002b000 08:03 6689867                    /opt/apache-maven-3.6.1/lib/maven-model-3.6.1.jar
7fdc5250f000-7fdc52515000 r--s 0002d000 08:03 6689872                    /opt/apache-maven-3.6.1/lib/org.eclipse.sisu.plexus-0.3.3.jar
7fdc52515000-7fdc52518000 r--s 0000c000 08:03 6689869                    /opt/apache-maven-3.6.1/lib/maven-artifact-3.6.1.jar
7fdc52518000-7fdc5251a000 r--s 00009000 08:03 6689860                    /opt/apache-maven-3.6.1/lib/maven-settings-builder-3.6.1.jar
7fdc5251a000-7fdc5251c000 r--s 00006000 08:03 6689891                    /opt/apache-maven-3.6.1/lib/checker-compat-qual-2.0.0.jar
7fdc5251c000-7fdc52520000 r--s 00023000 08:03 6689881                    /opt/apache-maven-3.6.1/lib/maven-resolver-util-1.3.3.jar
7fdc52520000-7fdc52521000 ---p 00000000 00:00 0 
7fdc52521000-7fdc52621000 rw-p 00000000 00:00 0 
7fdc52621000-7fdc52624000 ---p 00000000 00:00 0 
7fdc52624000-7fdc52722000 rw-p 00000000 00:00 0 
7fdc52722000-7fdc52723000 ---p 00000000 00:00 0 
7fdc52723000-7fdc52726000 ---p 00000000 00:00 0 
7fdc52726000-7fdc52823000 rw-p 00000000 00:00 0 
7fdc52823000-7fdc52824000 ---p 00000000 00:00 0 
7fdc52824000-7fdc52827000 ---p 00000000 00:00 0 
7fdc52827000-7fdc52924000 rw-p 00000000 00:00 0 
7fdc52924000-7fdc52927000 ---p 00000000 00:00 0 
7fdc52927000-7fdc52a25000 rw-p 00000000 00:00 0 
7fdc52a25000-7fdc533f4000 r--p 00000000 08:03 6822519                    /usr/lib/locale/locale-archive
7fdc533f4000-7fdc533f7000 ---p 00000000 00:00 0 
7fdc533f7000-7fdc534f5000 rw-p 00000000 00:00 0 
7fdc534f5000-7fdc534f8000 ---p 00000000 00:00 0 
7fdc534f8000-7fdc535f6000 rw-p 00000000 00:00 0 
7fdc535f6000-7fdc535f7000 ---p 00000000 00:00 0 
7fdc535f7000-7fdc54000000 rw-p 00000000 00:00 0 
7fdc54000000-7fdc54021000 rw-p 00000000 00:00 0 
7fdc54021000-7fdc58000000 ---p 00000000 00:00 0 
7fdc58000000-7fdc58030000 r--s 00249000 08:03 6689889                    /opt/apache-maven-3.6.1/lib/guava-25.1-android.jar
7fdc58030000-7fdc5c000000 rw-p 00000000 00:00 0 
7fdc5c000000-7fdc5c021000 rw-p 00000000 00:00 0 
7fdc5c021000-7fdc60000000 ---p 00000000 00:00 0 
7fdc60000000-7fdc60001000 r--s 00000000 08:03 6689875                    /opt/apache-maven-3.6.1/lib/javax.inject-1.jar
7fdc60001000-7fdc60003000 r--s 00000000 08:03 6689888                    /opt/apache-maven-3.6.1/lib/aopalliance-1.0.jar
7fdc60003000-7fdc60007000 r--s 0002f000 08:03 6689886                    /opt/apache-maven-3.6.1/lib/commons-io-2.5.jar
7fdc60007000-7fdc60008000 r--s 00002000 08:03 6689900                    /opt/apache-maven-3.6.1/lib/wagon-file-3.3.2.jar
7fdc60008000-7fdc6000a000 r--s 0000a000 08:03 6689871                    /opt/apache-maven-3.6.1/lib/maven-plugin-api-3.6.1.jar
7fdc6000a000-7fdc6000c000 r--s 00002000 08:03 6689865                    /opt/apache-maven-3.6.1/lib/plexus-cipher-1.7.jar
7fdc6000c000-7fdc6000e000 r--s 0000c000 08:03 6689897                    /opt/apache-maven-3.6.1/lib/wagon-provider-api-3.3.2.jar
7fdc6000e000-7fdc60011000 r--s 00008000 08:03 6689873                    /opt/apache-maven-3.6.1/lib/cdi-api-1.0.jar
7fdc60011000-7fdc60012000 r--s 0000a000 08:03 6689857                    /opt/apache-maven-3.6.1/lib/maven-settings-3.6.1.jar
7fdc60012000-7fdc6001d000 r--s 00075000 08:03 6689887                    /opt/apache-maven-3.6.1/lib/guice-4.2.1-no_aop.jar
7fdc6001d000-7fdc6001e000 r--s 00003000 08:03 6689861                    /opt/apache-maven-3.6.1/lib/maven-builder-support-3.6.1.jar
7fdc6001e000-7fdc6004c000 r--s 001eb000 08:03 6689898                    /opt/apache-maven-3.6.1/lib/wagon-http-3.3.2-shaded.jar
7fdc6004c000-7fdc61000000 rw-p 00000000 00:00 0 
7fdc61000000-7fdc61280000 rwxp 00000000 00:00 0 
7fdc61280000-7fdc64ffa000 rw-p 00000000 00:00 0 
7fdc64ffa000-7fdc68000000 ---p 00000000 00:00 0 
7fdc68000000-7fdc68003000 r--s 00012000 08:03 6689862                    /opt/apache-maven-3.6.1/lib/plexus-interpolation-1.25.jar
7fdc68003000-7fdc68010000 r--s 0008e000 08:03 6689866                    /opt/apache-maven-3.6.1/lib/maven-core-3.6.1.jar
7fdc68010000-7fdc683e2000 rw-p 00000000 00:00 0 
7fdc683e2000-7fdc685a2000 r--s 039fb000 08:03 6690618                    /opt/jdk1.7.0_80/jre/lib/rt.jar
7fdc685a2000-7fdc68ac0000 rw-p 00000000 00:00 0 
7fdc68ac0000-7fdc68ac1000 ---p 00000000 00:00 0 
7fdc68ac1000-7fdc68bc1000 rw-p 00000000 00:00 0 
7fdc68bc1000-7fdc68bc2000 ---p 00000000 00:00 0 
7fdc68bc2000-7fdc68cc2000 rw-p 00000000 00:00 0 
7fdc68cc2000-7fdc68cc3000 ---p 00000000 00:00 0 
7fdc68cc3000-7fdc68dc3000 rw-p 00000000 00:00 0 
7fdc68dc3000-7fdc68dc4000 ---p 00000000 00:00 0 
7fdc68dc4000-7fdc68ec4000 rw-p 00000000 00:00 0 
7fdc68ec4000-7fdc68ec5000 ---p 00000000 00:00 0 
7fdc68ec5000-7fdc68fc5000 rw-p 00000000 00:00 0 
7fdc68fc5000-7fdc68fc6000 ---p 00000000 00:00 0 
7fdc68fc6000-7fdc690c6000 rw-p 00000000 00:00 0 
7fdc690c6000-7fdc690c7000 ---p 00000000 00:00 0 
7fdc690c7000-7fdc691c7000 rw-p 00000000 00:00 0 
7fdc691c7000-7fdc691c8000 ---p 00000000 00:00 0 
7fdc691c8000-7fdc692d4000 rw-p 00000000 00:00 0 
7fdc692d4000-7fdc692f1000 rw-p 00000000 00:00 0 
7fdc692f1000-7fdc6931a000 rw-p 00000000 00:00 0 
7fdc6931a000-7fdc6957f000 rw-p 00000000 00:00 0 
7fdc6957f000-7fdc6958b000 rw-p 00000000 00:00 0 
7fdc6958b000-7fdc695a8000 rw-p 00000000 00:00 0 
7fdc695a8000-7fdc695d1000 rw-p 00000000 00:00 0 
7fdc695d1000-7fdc69835000 rw-p 00000000 00:00 0 
7fdc69835000-7fdc6987e000 rw-p 00000000 00:00 0 
7fdc6987e000-7fdc6997c000 rw-p 00000000 00:00 0 
7fdc6997c000-7fdc6997d000 rw-p 00000000 00:00 0 
7fdc6997d000-7fdc69994000 r-xp 00000000 08:03 6684741                    /opt/jdk1.7.0_80/jre/lib/amd64/libzip.so
7fdc69994000-7fdc69b94000 ---p 00017000 08:03 6684741                    /opt/jdk1.7.0_80/jre/lib/amd64/libzip.so
7fdc69b94000-7fdc69b95000 rw-p 00017000 08:03 6684741                    /opt/jdk1.7.0_80/jre/lib/amd64/libzip.so
7fdc69b95000-7fdc69ba0000 r-xp 00000000 08:03 922364                     /lib/x86_64-linux-gnu/libnss_files-2.27.so
7fdc69ba0000-7fdc69d9f000 ---p 0000b000 08:03 922364                     /lib/x86_64-linux-gnu/libnss_files-2.27.so
7fdc69d9f000-7fdc69da0000 r--p 0000a000 08:03 922364                     /lib/x86_64-linux-gnu/libnss_files-2.27.so
7fdc69da0000-7fdc69da1000 rw-p 0000b000 08:03 922364                     /lib/x86_64-linux-gnu/libnss_files-2.27.so
7fdc69da1000-7fdc69da7000 rw-p 00000000 00:00 0 
7fdc69da7000-7fdc69dbe000 r-xp 00000000 08:03 922358                     /lib/x86_64-linux-gnu/libnsl-2.27.so
7fdc69dbe000-7fdc69fbd000 ---p 00017000 08:03 922358                     /lib/x86_64-linux-gnu/libnsl-2.27.so
7fdc69fbd000-7fdc69fbe000 r--p 00016000 08:03 922358                     /lib/x86_64-linux-gnu/libnsl-2.27.so
7fdc69fbe000-7fdc69fbf000 rw-p 00017000 08:03 922358                     /lib/x86_64-linux-gnu/libnsl-2.27.so
7fdc69fbf000-7fdc69fc1000 rw-p 00000000 00:00 0 
7fdc69fc1000-7fdc69fcc000 r-xp 00000000 08:03 922375                     /lib/x86_64-linux-gnu/libnss_nis-2.27.so
7fdc69fcc000-7fdc6a1cb000 ---p 0000b000 08:03 922375                     /lib/x86_64-linux-gnu/libnss_nis-2.27.so
7fdc6a1cb000-7fdc6a1cc000 r--p 0000a000 08:03 922375                     /lib/x86_64-linux-gnu/libnss_nis-2.27.so
7fdc6a1cc000-7fdc6a1cd000 rw-p 0000b000 08:03 922375                     /lib/x86_64-linux-gnu/libnss_nis-2.27.so
7fdc6a1cd000-7fdc6a1d5000 r-xp 00000000 08:03 922360                     /lib/x86_64-linux-gnu/libnss_compat-2.27.so
7fdc6a1d5000-7fdc6a3d5000 ---p 00008000 08:03 922360                     /lib/x86_64-linux-gnu/libnss_compat-2.27.so
7fdc6a3d5000-7fdc6a3d6000 r--p 00008000 08:03 922360                     /lib/x86_64-linux-gnu/libnss_compat-2.27.so
7fdc6a3d6000-7fdc6a3d7000 rw-p 00009000 08:03 922360                     /lib/x86_64-linux-gnu/libnss_compat-2.27.so
7fdc6a3d7000-7fdc6a400000 r-xp 00000000 08:03 6684707                    /opt/jdk1.7.0_80/jre/lib/amd64/libjava.so
7fdc6a400000-7fdc6a600000 ---p 00029000 08:03 6684707                    /opt/jdk1.7.0_80/jre/lib/amd64/libjava.so
7fdc6a600000-7fdc6a602000 rw-p 00029000 08:03 6684707                    /opt/jdk1.7.0_80/jre/lib/amd64/libjava.so
7fdc6a602000-7fdc6a60f000 r-xp 00000000 08:03 6684734                    /opt/jdk1.7.0_80/jre/lib/amd64/libverify.so
7fdc6a60f000-7fdc6a80e000 ---p 0000d000 08:03 6684734                    /opt/jdk1.7.0_80/jre/lib/amd64/libverify.so
7fdc6a80e000-7fdc6a810000 rw-p 0000c000 08:03 6684734                    /opt/jdk1.7.0_80/jre/lib/amd64/libverify.so
7fdc6a810000-7fdc6a817000 r-xp 00000000 08:03 922415                     /lib/x86_64-linux-gnu/librt-2.27.so
7fdc6a817000-7fdc6aa16000 ---p 00007000 08:03 922415                     /lib/x86_64-linux-gnu/librt-2.27.so
7fdc6aa16000-7fdc6aa17000 r--p 00006000 08:03 922415                     /lib/x86_64-linux-gnu/librt-2.27.so
7fdc6aa17000-7fdc6aa18000 rw-p 00007000 08:03 922415                     /lib/x86_64-linux-gnu/librt-2.27.so
7fdc6aa18000-7fdc6abb5000 r-xp 00000000 08:03 922337                     /lib/x86_64-linux-gnu/libm-2.27.so
7fdc6abb5000-7fdc6adb4000 ---p 0019d000 08:03 922337                     /lib/x86_64-linux-gnu/libm-2.27.so
7fdc6adb4000-7fdc6adb5000 r--p 0019c000 08:03 922337                     /lib/x86_64-linux-gnu/libm-2.27.so
7fdc6adb5000-7fdc6adb6000 rw-p 0019d000 08:03 922337                     /lib/x86_64-linux-gnu/libm-2.27.so
7fdc6adb6000-7fdc6b92c000 r-xp 00000000 08:03 6684764                    /opt/jdk1.7.0_80/jre/lib/amd64/server/libjvm.so
7fdc6b92c000-7fdc6bb2b000 ---p 00b76000 08:03 6684764                    /opt/jdk1.7.0_80/jre/lib/amd64/server/libjvm.so
7fdc6bb2b000-7fdc6bbef000 rw-p 00b75000 08:03 6684764                    /opt/jdk1.7.0_80/jre/lib/amd64/server/libjvm.so
7fdc6bbef000-7fdc6bc30000 rw-p 00000000 00:00 0 
7fdc6bc30000-7fdc6be17000 r-xp 00000000 08:03 922274                     /lib/x86_64-linux-gnu/libc-2.27.so
7fdc6be17000-7fdc6c017000 ---p 001e7000 08:03 922274                     /lib/x86_64-linux-gnu/libc-2.27.so
7fdc6c017000-7fdc6c01b000 r--p 001e7000 08:03 922274                     /lib/x86_64-linux-gnu/libc-2.27.so
7fdc6c01b000-7fdc6c01d000 rw-p 001eb000 08:03 922274                     /lib/x86_64-linux-gnu/libc-2.27.so
7fdc6c01d000-7fdc6c021000 rw-p 00000000 00:00 0 
7fdc6c021000-7fdc6c024000 r-xp 00000000 08:03 922297                     /lib/x86_64-linux-gnu/libdl-2.27.so
7fdc6c024000-7fdc6c223000 ---p 00003000 08:03 922297                     /lib/x86_64-linux-gnu/libdl-2.27.so
7fdc6c223000-7fdc6c224000 r--p 00002000 08:03 922297                     /lib/x86_64-linux-gnu/libdl-2.27.so
7fdc6c224000-7fdc6c225000 rw-p 00003000 08:03 922297                     /lib/x86_64-linux-gnu/libdl-2.27.so
7fdc6c225000-7fdc6c23a000 r-xp 00000000 08:03 6690666                    /opt/jdk1.7.0_80/lib/amd64/jli/libjli.so
7fdc6c23a000-7fdc6c439000 ---p 00015000 08:03 6690666                    /opt/jdk1.7.0_80/lib/amd64/jli/libjli.so
7fdc6c439000-7fdc6c43a000 rw-p 00014000 08:03 6690666                    /opt/jdk1.7.0_80/lib/amd64/jli/libjli.so
7fdc6c43a000-7fdc6c454000 r-xp 00000000 08:03 922407                     /lib/x86_64-linux-gnu/libpthread-2.27.so
7fdc6c454000-7fdc6c653000 ---p 0001a000 08:03 922407                     /lib/x86_64-linux-gnu/libpthread-2.27.so
7fdc6c653000-7fdc6c654000 r--p 00019000 08:03 922407                     /lib/x86_64-linux-gnu/libpthread-2.27.so
7fdc6c654000-7fdc6c655000 rw-p 0001a000 08:03 922407                     /lib/x86_64-linux-gnu/libpthread-2.27.so
7fdc6c655000-7fdc6c659000 rw-p 00000000 00:00 0 
7fdc6c659000-7fdc6c680000 r-xp 00000000 08:03 922246                     /lib/x86_64-linux-gnu/ld-2.27.so
7fdc6c680000-7fdc6c681000 r--s 00005000 08:03 6692070                    /opt/apache-maven-3.6.1/lib/maven-slf4j-provider-3.6.1.jar
7fdc6c681000-7fdc6c683000 r--s 00006000 08:03 6692069                    /opt/apache-maven-3.6.1/lib/maven-resolver-transport-wagon-1.3.3.jar
7fdc6c683000-7fdc6c68b000 r--s 00073000 08:03 6689870                    /opt/apache-maven-3.6.1/lib/commons-lang3-3.8.1.jar
7fdc6c68b000-7fdc6c68d000 r--s 00002000 08:03 6689892                    /opt/apache-maven-3.6.1/lib/error_prone_annotations-2.1.3.jar
7fdc6c68d000-7fdc6c694000 r--s 00056000 08:03 6689876                    /opt/apache-maven-3.6.1/lib/org.eclipse.sisu.inject-0.3.3.jar
7fdc6c694000-7fdc6c698000 r--s 00042000 08:03 6692071                    /opt/apache-maven-3.6.1/lib/jansi-1.17.1.jar
7fdc6c698000-7fdc6c699000 r--s 00000000 08:03 6689894                    /opt/apache-maven-3.6.1/lib/animal-sniffer-annotations-1.14.jar
7fdc6c699000-7fdc6c69e000 r--s 00027000 08:03 6689877                    /opt/apache-maven-3.6.1/lib/maven-model-builder-3.6.1.jar
7fdc6c69e000-7fdc6c6a8000 rw-p 00000000 00:00 0 
7fdc6c6a8000-7fdc6c75e000 rw-p 00000000 00:00 0 
7fdc6c75e000-7fdc6c75f000 ---p 00000000 00:00 0 
7fdc6c75f000-7fdc6c762000 ---p 00000000 00:00 0 
7fdc6c762000-7fdc6c863000 rw-p 00000000 00:00 0 
7fdc6c863000-7fdc6c864000 r--s 00001000 08:03 6689874                    /opt/apache-maven-3.6.1/lib/jsr250-api-1.0.jar
7fdc6c864000-7fdc6c866000 r--s 00001000 08:03 6689893                    /opt/apache-maven-3.6.1/lib/j2objc-annotations-1.1.jar
7fdc6c866000-7fdc6c868000 r--s 00009000 08:03 6689883                    /opt/apache-maven-3.6.1/lib/slf4j-api-1.7.25.jar
7fdc6c868000-7fdc6c86d000 r--s 00020000 08:03 6689879                    /opt/apache-maven-3.6.1/lib/maven-resolver-api-1.3.3.jar
7fdc6c86d000-7fdc6c86f000 r--s 00000000 08:03 6689863                    /opt/apache-maven-3.6.1/lib/plexus-component-annotations-1.7.1.jar
7fdc6c86f000-7fdc6c871000 r--s 00009000 08:03 6692068                    /opt/apache-maven-3.6.1/lib/maven-resolver-connector-basic-1.3.3.jar
7fdc6c871000-7fdc6c874000 r--s 00016000 08:03 6689856                    /opt/apache-maven-3.6.1/lib/maven-embedder-3.6.1.jar
7fdc6c874000-7fdc6c876000 r--s 0000b000 08:03 6689855                    /opt/apache-maven-3.6.1/boot/plexus-classworlds-2.6.0.jar
7fdc6c876000-7fdc6c87e000 rw-s 00000000 08:03 11405354                   /tmp/hsperfdata_machabane/13391
7fdc6c87e000-7fdc6c87f000 rw-p 00000000 00:00 0 
7fdc6c87f000-7fdc6c880000 ---p 00000000 00:00 0 
7fdc6c880000-7fdc6c881000 r--p 00027000 08:03 922246                     /lib/x86_64-linux-gnu/ld-2.27.so
7fdc6c881000-7fdc6c882000 rw-p 00028000 08:03 922246                     /lib/x86_64-linux-gnu/ld-2.27.so
7fdc6c882000-7fdc6c883000 rw-p 00000000 00:00 0 
7ffc77919000-7ffc7793b000 rw-p 00000000 00:00 0                          [stack]
7ffc77978000-7ffc7797b000 r--p 00000000 00:00 0                          [vvar]
7ffc7797b000-7ffc7797d000 r-xp 00000000 00:00 0                          [vdso]
ffffffffff600000-ffffffffff601000 r-xp 00000000 00:00 0                  [vsyscall]

VM Arguments:
jvm_args: -Dclassworlds.conf=/opt/apache-maven-3.6.1/bin/m2.conf -Dmaven.home=/opt/apache-maven-3.6.1 -Dlibrary.jansi.path=/opt/apache-maven-3.6.1/lib/jansi-native -Dmaven.multiModuleProjectDirectory=/home/machabane/eclipseWorkspace/disa 
java_command: org.codehaus.plexus.classworlds.launcher.Launcher clean install -o -Dmaven.test.skip=true
Launcher Type: SUN_STANDARD

Environment Variables:
JAVA_HOME=/opt/jdk1.7.0_80
PATH=/opt/apache-maven-3.6.1/bin:/usr/local/sbin:/usr/local/bin:/usr/sbin:/usr/bin:/sbin:/bin:/usr/games:/usr/local/games:/snap/bin
USERNAME=machabane
SHELL=/bin/bash
DISPLAY=:0

Signal Handlers:
SIGSEGV: [libjvm.so+0x9a3b20], sa_mask[0]=0x7ffbfeff, sa_flags=0x10000004
SIGBUS: [libjvm.so+0x9a3b20], sa_mask[0]=0x7ffbfeff, sa_flags=0x10000004
SIGFPE: [libjvm.so+0x81e740], sa_mask[0]=0x7ffbfeff, sa_flags=0x10000004
SIGPIPE: [libjvm.so+0x81e740], sa_mask[0]=0x7ffbfeff, sa_flags=0x10000004
SIGXFSZ: [libjvm.so+0x81e740], sa_mask[0]=0x7ffbfeff, sa_flags=0x10000004
SIGILL: [libjvm.so+0x81e740], sa_mask[0]=0x7ffbfeff, sa_flags=0x10000004
SIGUSR1: SIG_DFL, sa_mask[0]=0x00000000, sa_flags=0x00000000
SIGUSR2: [libjvm.so+0x81ffb0], sa_mask[0]=0x00000000, sa_flags=0x10000004
SIGHUP: [libjvm.so+0x8210d0], sa_mask[0]=0x7ffbfeff, sa_flags=0x10000004
SIGINT: [libjvm.so+0x8210d0], sa_mask[0]=0x7ffbfeff, sa_flags=0x10000004
SIGTERM: [libjvm.so+0x8210d0], sa_mask[0]=0x7ffbfeff, sa_flags=0x10000004
SIGQUIT: [libjvm.so+0x8210d0], sa_mask[0]=0x7ffbfeff, sa_flags=0x10000004


---------------  S Y S T E M  ---------------

OS:buster/sid

uname:Linux 4.15.0-47-generic #50-Ubuntu SMP Wed Mar 13 10:44:52 UTC 2019 x86_64
libc:glibc 2.27 NPTL 2.27 
rlimit: STACK 8192k, CORE 0k, NPROC 30916, NOFILE 1048576, AS infinity
load average:0.77 0.97 0.87

/proc/meminfo:
MemTotal:        8025260 kB
MemFree:          104276 kB
MemAvailable:      33104 kB
Buffers:            1320 kB
Cached:           447312 kB
SwapCached:        10740 kB
Active:          5297776 kB
Inactive:        2098372 kB
Active(anon):    5283060 kB
Inactive(anon):  2076260 kB
Active(file):      14716 kB
Inactive(file):    22112 kB
Unevictable:         120 kB
Mlocked:             120 kB
SwapTotal:       2097148 kB
SwapFree:              0 kB
Dirty:                 0 kB
Writeback:             0 kB
AnonPages:       6938524 kB
Mapped:           153988 kB
Shmem:            410516 kB
Slab:             271140 kB
SReclaimable:      92380 kB
SUnreclaim:       178760 kB
KernelStack:       27056 kB
PageTables:       103068 kB
NFS_Unstable:          0 kB
Bounce:                0 kB
WritebackTmp:          0 kB
CommitLimit:     6109776 kB
Committed_AS:   32023156 kB
VmallocTotal:   34359738367 kB
VmallocUsed:           0 kB
VmallocChunk:          0 kB
HardwareCorrupted:     0 kB
AnonHugePages:         0 kB
ShmemHugePages:        0 kB
ShmemPmdMapped:        0 kB
CmaTotal:              0 kB
CmaFree:               0 kB
HugePages_Total:       0
HugePages_Free:        0
HugePages_Rsvd:        0
HugePages_Surp:        0
Hugepagesize:       2048 kB
DirectMap4k:      404836 kB
DirectMap2M:     5744640 kB
DirectMap1G:     2097152 kB


CPU:total 8 (4 cores per cpu, 2 threads per core) family 6 model 142 stepping 10, cmov, cx8, fxsr, mmx, sse, sse2, sse3, ssse3, sse4.1, sse4.2, popcnt, avx, avx2, aes, erms, ht, tsc, tscinvbit

/proc/cpuinfo:
processor	: 0
vendor_id	: GenuineIntel
cpu family	: 6
model		: 142
model name	: Intel(R) Core(TM) i7-8650U CPU @ 1.90GHz
stepping	: 10
microcode	: 0x96
cpu MHz		: 2844.537
cache size	: 8192 KB
physical id	: 0
siblings	: 8
core id		: 0
cpu cores	: 4
apicid		: 0
initial apicid	: 0
fpu		: yes
fpu_exception	: yes
cpuid level	: 22
wp		: yes
flags		: fpu vme de pse tsc msr pae mce cx8 apic sep mtrr pge mca cmov pat pse36 clflush dts acpi mmx fxsr sse sse2 ss ht tm pbe syscall nx pdpe1gb rdtscp lm constant_tsc art arch_perfmon pebs bts rep_good nopl xtopology nonstop_tsc cpuid aperfmperf tsc_known_freq pni pclmulqdq dtes64 monitor ds_cpl vmx smx est tm2 ssse3 sdbg fma cx16 xtpr pdcm pcid sse4_1 sse4_2 x2apic movbe popcnt tsc_deadline_timer aes xsave avx f16c rdrand lahf_lm abm 3dnowprefetch cpuid_fault epb invpcid_single pti ssbd ibrs ibpb stibp tpr_shadow vnmi flexpriority ept vpid fsgsbase tsc_adjust bmi1 hle avx2 smep bmi2 erms invpcid rtm mpx rdseed adx smap clflushopt intel_pt xsaveopt xsavec xgetbv1 xsaves dtherm ida arat pln pts hwp hwp_notify hwp_act_window hwp_epp flush_l1d
bugs		: cpu_meltdown spectre_v1 spectre_v2 spec_store_bypass l1tf
bogomips	: 4224.00
clflush size	: 64
cache_alignment	: 64
address sizes	: 39 bits physical, 48 bits virtual
power management:

processor	: 1
vendor_id	: GenuineIntel
cpu family	: 6
model		: 142
model name	: Intel(R) Core(TM) i7-8650U CPU @ 1.90GHz
stepping	: 10
microcode	: 0x96
cpu MHz		: 2842.734
cache size	: 8192 KB
physical id	: 0
siblings	: 8
core id		: 1
cpu cores	: 4
apicid		: 2
initial apicid	: 2
fpu		: yes
fpu_exception	: yes
cpuid level	: 22
wp		: yes
flags		: fpu vme de pse tsc msr pae mce cx8 apic sep mtrr pge mca cmov pat pse36 clflush dts acpi mmx fxsr sse sse2 ss ht tm pbe syscall nx pdpe1gb rdtscp lm constant_tsc art arch_perfmon pebs bts rep_good nopl xtopology nonstop_tsc cpuid aperfmperf tsc_known_freq pni pclmulqdq dtes64 monitor ds_cpl vmx smx est tm2 ssse3 sdbg fma cx16 xtpr pdcm pcid sse4_1 sse4_2 x2apic movbe popcnt tsc_deadline_timer aes xsave avx f16c rdrand lahf_lm abm 3dnowprefetch cpuid_fault epb invpcid_single pti ssbd ibrs ibpb stibp tpr_shadow vnmi flexpriority ept vpid fsgsbase tsc_adjust bmi1 hle avx2 smep bmi2 erms invpcid rtm mpx rdseed adx smap clflushopt intel_pt xsaveopt xsavec xgetbv1 xsaves dtherm ida arat pln pts hwp hwp_notify hwp_act_window hwp_epp flush_l1d
bugs		: cpu_meltdown spectre_v1 spectre_v2 spec_store_bypass l1tf
bogomips	: 4224.00
clflush size	: 64
cache_alignment	: 64
address sizes	: 39 bits physical, 48 bits virtual
power management:

processor	: 2
vendor_id	: GenuineIntel
cpu family	: 6
model		: 142
model name	: Intel(R) Core(TM) i7-8650U CPU @ 1.90GHz
stepping	: 10
microcode	: 0x96
cpu MHz		: 2894.924
cache size	: 8192 KB
physical id	: 0
siblings	: 8
core id		: 2
cpu cores	: 4
apicid		: 4
initial apicid	: 4
fpu		: yes
fpu_exception	: yes
cpuid level	: 22
wp		: yes
flags		: fpu vme de pse tsc msr pae mce cx8 apic sep mtrr pge mca cmov pat pse36 clflush dts acpi mmx fxsr sse sse2 ss ht tm pbe syscall nx pdpe1gb rdtscp lm constant_tsc art arch_perfmon pebs bts rep_good nopl xtopology nonstop_tsc cpuid aperfmperf tsc_known_freq pni pclmulqdq dtes64 monitor ds_cpl vmx smx est tm2 ssse3 sdbg fma cx16 xtpr pdcm pcid sse4_1 sse4_2 x2apic movbe popcnt tsc_deadline_timer aes xsave avx f16c rdrand lahf_lm abm 3dnowprefetch cpuid_fault epb invpcid_single pti ssbd ibrs ibpb stibp tpr_shadow vnmi flexpriority ept vpid fsgsbase tsc_adjust bmi1 hle avx2 smep bmi2 erms invpcid rtm mpx rdseed adx smap clflushopt intel_pt xsaveopt xsavec xgetbv1 xsaves dtherm ida arat pln pts hwp hwp_notify hwp_act_window hwp_epp flush_l1d
bugs		: cpu_meltdown spectre_v1 spectre_v2 spec_store_bypass l1tf
bogomips	: 4224.00
clflush size	: 64
cache_alignment	: 64
address sizes	: 39 bits physical, 48 bits virtual
power management:

processor	: 3
vendor_id	: GenuineIntel
cpu family	: 6
model		: 142
model name	: Intel(R) Core(TM) i7-8650U CPU @ 1.90GHz
stepping	: 10
microcode	: 0x96
cpu MHz		: 2900.006
cache size	: 8192 KB
physical id	: 0
siblings	: 8
core id		: 3
cpu cores	: 4
apicid		: 6
initial apicid	: 6
fpu		: yes
fpu_exception	: yes
cpuid level	: 22
wp		: yes
flags		: fpu vme de pse tsc msr pae mce cx8 apic sep mtrr pge mca cmov pat pse36 clflush dts acpi mmx fxsr sse sse2 ss ht tm pbe syscall nx pdpe1gb rdtscp lm constant_tsc art arch_perfmon pebs bts rep_good nopl xtopology nonstop_tsc cpuid aperfmperf tsc_known_freq pni pclmulqdq dtes64 monitor ds_cpl vmx smx est tm2 ssse3 sdbg fma cx16 xtpr pdcm pcid sse4_1 sse4_2 x2apic movbe popcnt tsc_deadline_timer aes xsave avx f16c rdrand lahf_lm abm 3dnowprefetch cpuid_fault epb invpcid_single pti ssbd ibrs ibpb stibp tpr_shadow vnmi flexpriority ept vpid fsgsbase tsc_adjust bmi1 hle avx2 smep bmi2 erms invpcid rtm mpx rdseed adx smap clflushopt intel_pt xsaveopt xsavec xgetbv1 xsaves dtherm ida arat pln pts hwp hwp_notify hwp_act_window hwp_epp flush_l1d
bugs		: cpu_meltdown spectre_v1 spectre_v2 spec_store_bypass l1tf
bogomips	: 4224.00
clflush size	: 64
cache_alignment	: 64
address sizes	: 39 bits physical, 48 bits virtual
power management:

processor	: 4
vendor_id	: GenuineIntel
cpu family	: 6
model		: 142
model name	: Intel(R) Core(TM) i7-8650U CPU @ 1.90GHz
stepping	: 10
microcode	: 0x96
cpu MHz		: 2885.562
cache size	: 8192 KB
physical id	: 0
siblings	: 8
core id		: 0
cpu cores	: 4
apicid		: 1
initial apicid	: 1
fpu		: yes
fpu_exception	: yes
cpuid level	: 22
wp		: yes
flags		: fpu vme de pse tsc msr pae mce cx8 apic sep mtrr pge mca cmov pat pse36 clflush dts acpi mmx fxsr sse sse2 ss ht tm pbe syscall nx pdpe1gb rdtscp lm constant_tsc art arch_perfmon pebs bts rep_good nopl xtopology nonstop_tsc cpuid aperfmperf tsc_known_freq pni pclmulqdq dtes64 monitor ds_cpl vmx smx est tm2 ssse3 sdbg fma cx16 xtpr pdcm pcid sse4_1 sse4_2 x2apic movbe popcnt tsc_deadline_timer aes xsave avx f16c rdrand lahf_lm abm 3dnowprefetch cpuid_fault epb invpcid_single pti ssbd ibrs ibpb stibp tpr_shadow vnmi flexpriority ept vpid fsgsbase tsc_adjust bmi1 hle avx2 smep bmi2 erms invpcid rtm mpx rdseed adx smap clflushopt intel_pt xsaveopt xsavec xgetbv1 xsaves dtherm ida arat pln pts hwp hwp_notify hwp_act_window hwp_epp flush_l1d
bugs		: cpu_meltdown spectre_v1 spectre_v2 spec_store_bypass l1tf
bogomips	: 4224.00
clflush size	: 64
cache_alignment	: 64
address sizes	: 39 bits physical, 48 bits virtual
power management:

processor	: 5
vendor_id	: GenuineIntel
cpu family	: 6
model		: 142
model name	: Intel(R) Core(TM) i7-8650U CPU @ 1.90GHz
stepping	: 10
microcode	: 0x96
cpu MHz		: 2890.220
cache size	: 8192 KB
physical id	: 0
siblings	: 8
core id		: 1
cpu cores	: 4
apicid		: 3
initial apicid	: 3
fpu		: yes
fpu_exception	: yes
cpuid level	: 22
wp		: yes
flags		: fpu vme de pse tsc msr pae mce cx8 apic sep mtrr pge mca cmov pat pse36 clflush dts acpi mmx fxsr sse sse2 ss ht tm pbe syscall nx pdpe1gb rdtscp lm constant_tsc art arch_perfmon pebs bts rep_good nopl xtopology nonstop_tsc cpuid aperfmperf tsc_known_freq pni pclmulqdq dtes64 monitor ds_cpl vmx smx est tm2 ssse3 sdbg fma cx16 xtpr pdcm pcid sse4_1 sse4_2 x2apic movbe popcnt tsc_deadline_timer aes xsave avx f16c rdrand lahf_lm abm 3dnowprefetch cpuid_fault epb invpcid_single pti ssbd ibrs ibpb stibp tpr_shadow vnmi flexpriority ept vpid fsgsbase tsc_adjust bmi1 hle avx2 smep bmi2 erms invpcid rtm mpx rdseed adx smap clflushopt intel_pt xsaveopt xsavec xgetbv1 xsaves dtherm ida arat pln pts hwp hwp_notify hwp_act_window hwp_epp flush_l1d
bugs		: cpu_meltdown spectre_v1 spectre_v2 spec_store_bypass l1tf
bogomips	: 4224.00
clflush size	: 64
cache_alignment	: 64
address sizes	: 39 bits physical, 48 bits virtual
power management:

processor	: 6
vendor_id	: GenuineIntel
cpu family	: 6
model		: 142
model name	: Intel(R) Core(TM) i7-8650U CPU @ 1.90GHz
stepping	: 10
microcode	: 0x96
cpu MHz		: 2884.709
cache size	: 8192 KB
physical id	: 0
siblings	: 8
core id		: 2
cpu cores	: 4
apicid		: 5
initial apicid	: 5
fpu		: yes
fpu_exception	: yes
cpuid level	: 22
wp		: yes
flags		: fpu vme de pse tsc msr pae mce cx8 apic sep mtrr pge mca cmov pat pse36 clflush dts acpi mmx fxsr sse sse2 ss ht tm pbe syscall nx pdpe1gb rdtscp lm constant_tsc art arch_perfmon pebs bts rep_good nopl xtopology nonstop_tsc cpuid aperfmperf tsc_known_freq pni pclmulqdq dtes64 monitor ds_cpl vmx smx est tm2 ssse3 sdbg fma cx16 xtpr pdcm pcid sse4_1 sse4_2 x2apic movbe popcnt tsc_deadline_timer aes xsave avx f16c rdrand lahf_lm abm 3dnowprefetch cpuid_fault epb invpcid_single pti ssbd ibrs ibpb stibp tpr_shadow vnmi flexpriority ept vpid fsgsbase tsc_adjust bmi1 hle avx2 smep bmi2 erms invpcid rtm mpx rdseed adx smap clflushopt intel_pt xsaveopt xsavec xgetbv1 xsaves dtherm ida arat pln pts hwp hwp_notify hwp_act_window hwp_epp flush_l1d
bugs		: cpu_meltdown spectre_v1 spectre_v2 spec_store_bypass l1tf
bogomips	: 4224.00
clflush size	: 64
cache_alignment	: 64
address sizes	: 39 bits physical, 48 bits virtual
power management:

processor	: 7
vendor_id	: GenuineIntel
cpu family	: 6
model		: 142
model name	: Intel(R) Core(TM) i7-8650U CPU @ 1.90GHz
stepping	: 10
microcode	: 0x96
cpu MHz		: 2862.717
cache size	: 8192 KB
physical id	: 0
siblings	: 8
core id		: 3
cpu cores	: 4
apicid		: 7
initial apicid	: 7
fpu		: yes
fpu_exception	: yes
cpuid level	: 22
wp		: yes
flags		: fpu vme de pse tsc msr pae mce cx8 apic sep mtrr pge mca cmov pat pse36 clflush dts acpi mmx fxsr sse sse2 ss ht tm pbe syscall nx pdpe1gb rdtscp lm constant_tsc art arch_perfmon pebs bts rep_good nopl xtopology nonstop_tsc cpuid aperfmperf tsc_known_freq pni pclmulqdq dtes64 monitor ds_cpl vmx smx est tm2 ssse3 sdbg fma cx16 xtpr pdcm pcid sse4_1 sse4_2 x2apic movbe popcnt tsc_deadline_timer aes xsave avx f16c rdrand lahf_lm abm 3dnowprefetch cpuid_fault epb invpcid_single pti ssbd ibrs ibpb stibp tpr_shadow vnmi flexpriority ept vpid fsgsbase tsc_adjust bmi1 hle avx2 smep bmi2 erms invpcid rtm mpx rdseed adx smap clflushopt intel_pt xsaveopt xsavec xgetbv1 xsaves dtherm ida arat pln pts hwp hwp_notify hwp_act_window hwp_epp flush_l1d
bugs		: cpu_meltdown spectre_v1 spectre_v2 spec_store_bypass l1tf
bogomips	: 4224.00
clflush size	: 64
cache_alignment	: 64
address sizes	: 39 bits physical, 48 bits virtual
power management:



Memory: 4k page, physical 8025260k(112496k free), swap 2097148k(0k free)

vm_info: Java HotSpot(TM) 64-Bit Server VM (24.80-b11) for linux-amd64 JRE (1.7.0_80-b15), built on Apr 10 2015 19:53:14 by "java_re" with gcc 4.3.0 20080428 (Red Hat 4.3.0-8)

time: Tue Jul 30 15:34:31 2019
elapsed time: 4 seconds

